# JRE version: OpenJDK Runtime Environment Temurin-21.0.6+7 (21.0.6+7) (build 21.0.6+7-LTS)
# Java VM: OpenJDK 64-Bit Server VM Temurin-21.0.6+7 (21.0.6+7-LTS, mixed mode, sharing, tiered, compressed oops, compressed class ptrs, parallel gc, windows-amd64)
GC Precious Log:
 CardTable entry size: 512
 CPUs: 8 total, 8 available
 Memory: 12084M
 Large Page Support: Disabled
 NUMA Support: Disabled
 Compressed Oops: Enabled (32-bit)
 Alignments: Space 512K, Generation 512K, Heap 2M
 Heap Min Capacity: 100M
 Heap Initial Capacity: 100M
 Heap Max Capacity: 1G
 Pre-touch: Disabled
 Parallel Workers: 8
Heap:
 PSYoungGen      total 9728K, used 9625K [0x00000000eab00000, 0x00000000eb800000, 0x0000000100000000)
  eden space 7168K, 100% used [0x00000000eab00000,0x00000000eb200000,0x00000000eb200000)
  from space 2560K, 95% used [0x00000000eb300000,0x00000000eb566490,0x00000000eb580000)
  to   space 2560K, 62% used [0x00000000eb580000,0x00000000eb710a68,0x00000000eb800000)
 ParOldGen       total 355328K, used 355325K [0x00000000c0000000, 0x00000000d5b00000, 0x00000000eab00000)
  object space 355328K, 99% used [0x00000000c0000000,0x00000000d5aff638,0x00000000d5b00000)
 Metaspace       used 63706K, committed 65152K, reserved 1114112K
  class space    used 6516K, committed 7168K, reserved 1048576K
GC Heap History (20 events):
Event: 26.855 GC heap after
{Heap after GC invocations=521 (full 3):
 PSYoungGen      total 4096K, used 1004K [0x00000000eab00000, 0x00000000eb080000, 0x0000000100000000)
  eden space 3072K, 0% used [0x00000000eab00000,0x00000000eab00000,0x00000000eae00000)
  from space 1024K, 98% used [0x00000000eaf80000,0x00000000eb07b0a0,0x00000000eb080000)
  to   space 1024K, 0% used [0x00000000eae80000,0x00000000eae80000,0x00000000eaf80000)
 ParOldGen       total 340992K, used 340783K [0x00000000c0000000, 0x00000000d4d00000, 0x00000000eab00000)
  object space 340992K, 99% used [0x00000000c0000000,0x00000000d4ccbd00,0x00000000d4d00000)
 Metaspace       used 63288K, committed 64832K, reserved 1114112K
  class space    used 6468K, committed 7168K, reserved 1048576K
}
Event: 26.859 GC heap before
{Heap before GC invocations=522 (full 3):
 PSYoungGen      total 4096K, used 4076K [0x00000000eab00000, 0x00000000eb080000, 0x0000000100000000)
  eden space 3072K, 100% used [0x00000000eab00000,0x00000000eae00000,0x00000000eae00000)
  from space 1024K, 98% used [0x00000000eaf80000,0x00000000eb07b0a0,0x00000000eb080000)
  to   space 1024K, 0% used [0x00000000eae80000,0x00000000eae80000,0x00000000eaf80000)
 ParOldGen       total 340992K, used 340783K [0x00000000c0000000, 0x00000000d4d00000, 0x00000000eab00000)
  object space 340992K, 99% used [0x00000000c0000000,0x00000000d4ccbd00,0x00000000d4d00000)
 Metaspace       used 63288K, committed 64832K, reserved 1114112K
  class space    used 6468K, committed 7168K, reserved 1048576K
}
Event: 26.861 GC heap after
{Heap after GC invocations=522 (full 3):
 PSYoungGen      total 4608K, used 1021K [0x00000000eab00000, 0x00000000eb400000, 0x0000000100000000)
  eden space 3584K, 0% used [0x00000000eab00000,0x00000000eab00000,0x00000000eae80000)
  from space 1024K, 99% used [0x00000000eae80000,0x00000000eaf7f7b8,0x00000000eaf80000)
  to   space 2560K, 0% used [0x00000000eb180000,0x00000000eb180000,0x00000000eb400000)
 ParOldGen       total 342016K, used 341873K [0x00000000c0000000, 0x00000000d4e00000, 0x00000000eab00000)
  object space 342016K, 99% used [0x00000000c0000000,0x00000000d4ddc4b8,0x00000000d4e00000)
 Metaspace       used 63288K, committed 64832K, reserved 1114112K
  class space    used 6468K, committed 7168K, reserved 1048576K
}
Event: 26.866 GC heap before
{Heap before GC invocations=523 (full 3):
 PSYoungGen      total 4608K, used 4604K [0x00000000eab00000, 0x00000000eb400000, 0x0000000100000000)
  eden space 3584K, 99% used [0x00000000eab00000,0x00000000eae7fb30,0x00000000eae80000)
  from space 1024K, 99% used [0x00000000eae80000,0x00000000eaf7f7b8,0x00000000eaf80000)
  to   space 2560K, 0% used [0x00000000eb180000,0x00000000eb180000,0x00000000eb400000)
 ParOldGen       total 342016K, used 341873K [0x00000000c0000000, 0x00000000d4e00000, 0x00000000eab00000)
  object space 342016K, 99% used [0x00000000c0000000,0x00000000d4ddc4b8,0x00000000d4e00000)
 Metaspace       used 63288K, committed 64832K, reserved 1114112K
  class space    used 6468K, committed 7168K, reserved 1048576K
}
Event: 26.868 GC heap after
{Heap after GC invocations=523 (full 3):
 PSYoungGen      total 6656K, used 1401K [0x00000000eab00000, 0x00000000eb380000, 0x0000000100000000)
  eden space 4608K, 0% used [0x00000000eab00000,0x00000000eab00000,0x00000000eaf80000)
  from space 2048K, 68% used [0x00000000eb180000,0x00000000eb2de4c0,0x00000000eb380000)
  to   space 2048K, 0% used [0x00000000eaf80000,0x00000000eaf80000,0x00000000eb180000)
 ParOldGen       total 343040K, used 342732K [0x00000000c0000000, 0x00000000d4f00000, 0x00000000eab00000)
  object space 343040K, 99% used [0x00000000c0000000,0x00000000d4eb3058,0x00000000d4f00000)
 Metaspace       used 63288K, committed 64832K, reserved 1114112K
  class space    used 6468K, committed 7168K, reserved 1048576K
}
Event: 26.875 GC heap before
{Heap before GC invocations=524 (full 3):
 PSYoungGen      total 6656K, used 6009K [0x00000000eab00000, 0x00000000eb380000, 0x0000000100000000)
  eden space 4608K, 100% used [0x00000000eab00000,0x00000000eaf80000,0x00000000eaf80000)
  from space 2048K, 68% used [0x00000000eb180000,0x00000000eb2de4c0,0x00000000eb380000)
  to   space 2048K, 0% used [0x00000000eaf80000,0x00000000eaf80000,0x00000000eb180000)
 ParOldGen       total 343040K, used 342732K [0x00000000c0000000, 0x00000000d4f00000, 0x00000000eab00000)
  object space 343040K, 99% used [0x00000000c0000000,0x00000000d4eb3058,0x00000000d4f00000)
 Metaspace       used 63309K, committed 64832K, reserved 1114112K
  class space    used 6473K, committed 7168K, reserved 1048576K
}
Event: 26.879 GC heap after
{Heap after GC invocations=524 (full 3):
 PSYoungGen      total 6656K, used 1478K [0x00000000eab00000, 0x00000000eb380000, 0x0000000100000000)
  eden space 4608K, 0% used [0x00000000eab00000,0x00000000eab00000,0x00000000eaf80000)
  from space 2048K, 72% used [0x00000000eaf80000,0x00000000eb0f1a50,0x00000000eb180000)
  to   space 1536K, 0% used [0x00000000eb200000,0x00000000eb200000,0x00000000eb380000)
 ParOldGen       total 344064K, used 344007K [0x00000000c0000000, 0x00000000d5000000, 0x00000000eab00000)
  object space 344064K, 99% used [0x00000000c0000000,0x00000000d4ff1f50,0x00000000d5000000)
 Metaspace       used 63309K, committed 64832K, reserved 1114112K
  class space    used 6473K, committed 7168K, reserved 1048576K
}
Event: 26.908 GC heap before
{Heap before GC invocations=525 (full 3):
 PSYoungGen      total 6656K, used 6086K [0x00000000eab00000, 0x00000000eb380000, 0x0000000100000000)
  eden space 4608K, 100% used [0x00000000eab00000,0x00000000eaf80000,0x00000000eaf80000)
  from space 2048K, 72% used [0x00000000eaf80000,0x00000000eb0f1a50,0x00000000eb180000)
  to   space 1536K, 0% used [0x00000000eb200000,0x00000000eb200000,0x00000000eb380000)
 ParOldGen       total 344064K, used 344007K [0x00000000c0000000, 0x00000000d5000000, 0x00000000eab00000)
  object space 344064K, 99% used [0x00000000c0000000,0x00000000d4ff1f50,0x00000000d5000000)
 Metaspace       used 63337K, committed 64832K, reserved 1114112K
  class space    used 6478K, committed 7168K, reserved 1048576K
}
Event: 26.912 GC heap after
{Heap after GC invocations=525 (full 3):
 PSYoungGen      total 7168K, used 1447K [0x00000000eab00000, 0x00000000eb380000, 0x0000000100000000)
  eden space 5632K, 0% used [0x00000000eab00000,0x00000000eab00000,0x00000000eb080000)
  from space 1536K, 94% used [0x00000000eb200000,0x00000000eb369dd0,0x00000000eb380000)
  to   space 1536K, 0% used [0x00000000eb080000,0x00000000eb080000,0x00000000eb200000)
 ParOldGen       total 345600K, used 345389K [0x00000000c0000000, 0x00000000d5180000, 0x00000000eab00000)
  object space 345600K, 99% used [0x00000000c0000000,0x00000000d514b428,0x00000000d5180000)
 Metaspace       used 63337K, committed 64832K, reserved 1114112K
  class space    used 6478K, committed 7168K, reserved 1048576K
}
Event: 26.919 GC heap before
{Heap before GC invocations=526 (full 3):
 PSYoungGen      total 7168K, used 7063K [0x00000000eab00000, 0x00000000eb380000, 0x0000000100000000)
  eden space 5632K, 99% used [0x00000000eab00000,0x00000000eb07bec8,0x00000000eb080000)
  from space 1536K, 94% used [0x00000000eb200000,0x00000000eb369dd0,0x00000000eb380000)
  to   space 1536K, 0% used [0x00000000eb080000,0x00000000eb080000,0x00000000eb200000)
 ParOldGen       total 345600K, used 345389K [0x00000000c0000000, 0x00000000d5180000, 0x00000000eab00000)
  object space 345600K, 99% used [0x00000000c0000000,0x00000000d514b428,0x00000000d5180000)
 Metaspace       used 63347K, committed 64832K, reserved 1114112K
  class space    used 6480K, committed 7168K, reserved 1048576K
}
Event: 28.935 GC heap after
{Heap after GC invocations=526 (full 3):
 PSYoungGen      total 7168K, used 1523K [0x00000000eab00000, 0x00000000eb380000, 0x0000000100000000)
  eden space 5632K, 0% used [0x00000000eab00000,0x00000000eab00000,0x00000000eb080000)
  from space 1536K, 99% used [0x00000000eb080000,0x00000000eb1fcdb8,0x00000000eb200000)
  to   space 1536K, 0% used [0x00000000eb200000,0x00000000eb200000,0x00000000eb380000)
 ParOldGen       total 347136K, used 346982K [0x00000000c0000000, 0x00000000d5300000, 0x00000000eab00000)
  object space 347136K, 99% used [0x00000000c0000000,0x00000000d52d9920,0x00000000d5300000)
 Metaspace       used 63347K, committed 64832K, reserved 1114112K
  class space    used 6480K, committed 7168K, reserved 1048576K
}
Event: 28.953 GC heap before
{Heap before GC invocations=527 (full 3):
 PSYoungGen      total 7168K, used 7155K [0x00000000eab00000, 0x00000000eb380000, 0x0000000100000000)
  eden space 5632K, 100% used [0x00000000eab00000,0x00000000eb080000,0x00000000eb080000)
  from space 1536K, 99% used [0x00000000eb080000,0x00000000eb1fcdb8,0x00000000eb200000)
  to   space 1536K, 0% used [0x00000000eb200000,0x00000000eb200000,0x00000000eb380000)
 ParOldGen       total 347136K, used 346982K [0x00000000c0000000, 0x00000000d5300000, 0x00000000eab00000)
  object space 347136K, 99% used [0x00000000c0000000,0x00000000d52d9920,0x00000000d5300000)
 Metaspace       used 63365K, committed 64896K, reserved 1114112K
  class space    used 6484K, committed 7168K, reserved 1048576K
}
Event: 31.972 GC heap after
{Heap after GC invocations=527 (full 3):
 PSYoungGen      total 7168K, used 1532K [0x00000000eab00000, 0x00000000eb380000, 0x0000000100000000)
  eden space 5632K, 0% used [0x00000000eab00000,0x00000000eab00000,0x00000000eb080000)
  from space 1536K, 99% used [0x00000000eb200000,0x00000000eb37f268,0x00000000eb380000)
  to   space 1536K, 0% used [0x00000000eb080000,0x00000000eb080000,0x00000000eb200000)
 ParOldGen       total 349184K, used 349008K [0x00000000c0000000, 0x00000000d5500000, 0x00000000eab00000)
  object space 349184K, 99% used [0x00000000c0000000,0x00000000d54d43f0,0x00000000d5500000)
 Metaspace       used 63365K, committed 64896K, reserved 1114112K
  class space    used 6484K, committed 7168K, reserved 1048576K
}
Event: 37.819 GC heap before
{Heap before GC invocations=528 (full 3):
 PSYoungGen      total 7168K, used 7151K [0x00000000eab00000, 0x00000000eb380000, 0x0000000100000000)
  eden space 5632K, 99% used [0x00000000eab00000,0x00000000eb07cbc8,0x00000000eb080000)
  from space 1536K, 99% used [0x00000000eb200000,0x00000000eb37f268,0x00000000eb380000)
  to   space 1536K, 0% used [0x00000000eb080000,0x00000000eb080000,0x00000000eb200000)
 ParOldGen       total 349184K, used 349008K [0x00000000c0000000, 0x00000000d5500000, 0x00000000eab00000)
  object space 349184K, 99% used [0x00000000c0000000,0x00000000d54d43f0,0x00000000d5500000)
 Metaspace       used 63368K, committed 64896K, reserved 1114112K
  class space    used 6484K, committed 7168K, reserved 1048576K
}
Event: 37.821 GC heap after
{Heap after GC invocations=528 (full 3):
 PSYoungGen      total 7168K, used 1517K [0x00000000eab00000, 0x00000000eba00000, 0x0000000100000000)
  eden space 5632K, 0% used [0x00000000eab00000,0x00000000eab00000,0x00000000eb080000)
  from space 1536K, 98% used [0x00000000eb080000,0x00000000eb1fb418,0x00000000eb200000)
  to   space 4096K, 0% used [0x00000000eb600000,0x00000000eb600000,0x00000000eba00000)
 ParOldGen       total 351232K, used 351169K [0x00000000c0000000, 0x00000000d5700000, 0x00000000eab00000)
  object space 351232K, 99% used [0x00000000c0000000,0x00000000d56f0588,0x00000000d5700000)
 Metaspace       used 63368K, committed 64896K, reserved 1114112K
  class space    used 6484K, committed 7168K, reserved 1048576K
}
Event: 37.831 GC heap before
{Heap before GC invocations=529 (full 3):
 PSYoungGen      total 7168K, used 7149K [0x00000000eab00000, 0x00000000eba00000, 0x0000000100000000)
  eden space 5632K, 99% used [0x00000000eab00000,0x00000000eb07fff0,0x00000000eb080000)
  from space 1536K, 98% used [0x00000000eb080000,0x00000000eb1fb418,0x00000000eb200000)
  to   space 4096K, 0% used [0x00000000eb600000,0x00000000eb600000,0x00000000eba00000)
 ParOldGen       total 351232K, used 351169K [0x00000000c0000000, 0x00000000d5700000, 0x00000000eab00000)
  object space 351232K, 99% used [0x00000000c0000000,0x00000000d56f0588,0x00000000d5700000)
 Metaspace       used 63511K, committed 64960K, reserved 1114112K
  class space    used 6498K, committed 7168K, reserved 1048576K
}
Event: 37.833 GC heap after
{Heap after GC invocations=529 (full 3):
 PSYoungGen      total 9216K, used 1780K [0x00000000eab00000, 0x00000000eb800000, 0x0000000100000000)
  eden space 7168K, 0% used [0x00000000eab00000,0x00000000eab00000,0x00000000eb200000)
  from space 2048K, 86% used [0x00000000eb600000,0x00000000eb7bd030,0x00000000eb800000)
  to   space 2560K, 0% used [0x00000000eb300000,0x00000000eb300000,0x00000000eb580000)
 ParOldGen       total 352768K, used 352588K [0x00000000c0000000, 0x00000000d5880000, 0x00000000eab00000)
  object space 352768K, 99% used [0x00000000c0000000,0x00000000d58531c0,0x00000000d5880000)
 Metaspace       used 63511K, committed 64960K, reserved 1114112K
  class space    used 6498K, committed 7168K, reserved 1048576K
}
Event: 37.864 GC heap before
{Heap before GC invocations=530 (full 3):
 PSYoungGen      total 9216K, used 8948K [0x00000000eab00000, 0x00000000eb800000, 0x0000000100000000)
  eden space 7168K, 100% used [0x00000000eab00000,0x00000000eb200000,0x00000000eb200000)
  from space 2048K, 86% used [0x00000000eb600000,0x00000000eb7bd030,0x00000000eb800000)
  to   space 2560K, 0% used [0x00000000eb300000,0x00000000eb300000,0x00000000eb580000)
 ParOldGen       total 352768K, used 352588K [0x00000000c0000000, 0x00000000d5880000, 0x00000000eab00000)
  object space 352768K, 99% used [0x00000000c0000000,0x00000000d58531c0,0x00000000d5880000)
 Metaspace       used 63641K, committed 65088K, reserved 1114112K
  class space    used 6508K, committed 7168K, reserved 1048576K
}
Event: 37.867 GC heap after
{Heap after GC invocations=530 (full 3):
 PSYoungGen      total 9728K, used 2457K [0x00000000eab00000, 0x00000000eb800000, 0x0000000100000000)
  eden space 7168K, 0% used [0x00000000eab00000,0x00000000eab00000,0x00000000eb200000)
  from space 2560K, 95% used [0x00000000eb300000,0x00000000eb566490,0x00000000eb580000)
  to   space 2560K, 0% used [0x00000000eb580000,0x00000000eb580000,0x00000000eb800000)
 ParOldGen       total 354304K, used 354205K [0x00000000c0000000, 0x00000000d5a00000, 0x00000000eab00000)
  object space 354304K, 99% used [0x00000000c0000000,0x00000000d59e7468,0x00000000d5a00000)
 Metaspace       used 63641K, committed 65088K, reserved 1114112K
  class space    used 6508K, committed 7168K, reserved 1048576K
}
Event: 37.882 GC heap before
{Heap before GC invocations=531 (full 3):
 PSYoungGen      total 9728K, used 9625K [0x00000000eab00000, 0x00000000eb800000, 0x0000000100000000)
  eden space 7168K, 100% used [0x00000000eab00000,0x00000000eb200000,0x00000000eb200000)
  from space 2560K, 95% used [0x00000000eb300000,0x00000000eb566490,0x00000000eb580000)
  to   space 2560K, 0% used [0x00000000eb580000,0x00000000eb580000,0x00000000eb800000)
 ParOldGen       total 354304K, used 354205K [0x00000000c0000000, 0x00000000d5a00000, 0x00000000eab00000)
  object space 354304K, 99% used [0x00000000c0000000,0x00000000d59e7468,0x00000000d5a00000)
 Metaspace       used 63706K, committed 65152K, reserved 1114112K
  class space    used 6516K, committed 7168K, reserved 1048576K
}

