# JRE version: OpenJDK Runtime Environment Temurin-21.0.6+7 (21.0.6+7) (build 21.0.6+7-LTS)
# Java VM: OpenJDK 64-Bit Server VM Temurin-21.0.6+7 (21.0.6+7-LTS, mixed mode, sharing, tiered, compressed oops, compressed class ptrs, parallel gc, windows-amd64)
GC Precious Log:
 CardTable entry size: 512
 CPUs: 8 total, 8 available
 Memory: 12084M
 Large Page Support: Disabled
 NUMA Support: Disabled
 Compressed Oops: Enabled (32-bit)
 Alignments: Space 512K, Generation 512K, Heap 2M
 Heap Min Capacity: 100M
 Heap Initial Capacity: 100M
 Heap Max Capacity: 1G
 Pre-touch: Disabled
 Parallel Workers: 8
Heap:
 PSYoungGen      total 2048K, used 1792K [0x00000000eab00000, 0x00000000ead80000, 0x0000000100000000)
  eden space 1536K, 100% used [0x00000000eab00000,0x00000000eac80000,0x00000000eac80000)
  from space 512K, 50% used [0x00000000eac80000,0x00000000eacc0000,0x00000000ead00000)
  to   space 512K, 0% used [0x00000000ead00000,0x00000000ead00000,0x00000000ead80000)
 ParOldGen       total 360448K, used 360144K [0x00000000c0000000, 0x00000000d6000000, 0x00000000eab00000)
  object space 360448K, 99% used [0x00000000c0000000,0x00000000d5fb4140,0x00000000d6000000)
 Metaspace       used 52987K, committed 54272K, reserved 1114112K
  class space    used 5615K, committed 6208K, reserved 1048576K
GC Heap History (20 events):
Event: 59.922 GC heap before
{Heap before GC invocations=379 (full 3):
 PSYoungGen      total 1536K, used 1267K [0x00000000eab00000, 0x00000000ead80000, 0x0000000100000000)
  eden space 1024K, 98% used [0x00000000eab00000,0x00000000eabfcdb0,0x00000000eac00000)
  from space 512K, 50% used [0x00000000eac80000,0x00000000eacc0000,0x00000000ead00000)
  to   space 512K, 0% used [0x00000000ead00000,0x00000000ead00000,0x00000000ead80000)
 ParOldGen       total 357376K, used 356893K [0x00000000c0000000, 0x00000000d5d00000, 0x00000000eab00000)
  object space 357376K, 99% used [0x00000000c0000000,0x00000000d5c87660,0x00000000d5d00000)
 Metaspace       used 52905K, committed 54208K, reserved 1114112K
  class space    used 5608K, committed 6208K, reserved 1048576K
}
Event: 59.924 GC heap after
{Heap after GC invocations=379 (full 3):
 PSYoungGen      total 1536K, used 384K [0x00000000eab00000, 0x00000000ead80000, 0x0000000100000000)
  eden space 1024K, 0% used [0x00000000eab00000,0x00000000eab00000,0x00000000eac00000)
  from space 512K, 75% used [0x00000000ead00000,0x00000000ead60000,0x00000000ead80000)
  to   space 512K, 0% used [0x00000000eac80000,0x00000000eac80000,0x00000000ead00000)
 ParOldGen       total 357376K, used 356893K [0x00000000c0000000, 0x00000000d5d00000, 0x00000000eab00000)
  object space 357376K, 99% used [0x00000000c0000000,0x00000000d5c87660,0x00000000d5d00000)
 Metaspace       used 52905K, committed 54208K, reserved 1114112K
  class space    used 5608K, committed 6208K, reserved 1048576K
}
Event: 59.942 GC heap before
{Heap before GC invocations=380 (full 3):
 PSYoungGen      total 1536K, used 1405K [0x00000000eab00000, 0x00000000ead80000, 0x0000000100000000)
  eden space 1024K, 99% used [0x00000000eab00000,0x00000000eabff480,0x00000000eac00000)
  from space 512K, 75% used [0x00000000ead00000,0x00000000ead60000,0x00000000ead80000)
  to   space 512K, 0% used [0x00000000eac80000,0x00000000eac80000,0x00000000ead00000)
 ParOldGen       total 357376K, used 356893K [0x00000000c0000000, 0x00000000d5d00000, 0x00000000eab00000)
  object space 357376K, 99% used [0x00000000c0000000,0x00000000d5c87660,0x00000000d5d00000)
 Metaspace       used 52905K, committed 54208K, reserved 1114112K
  class space    used 5608K, committed 6208K, reserved 1048576K
}
Event: 59.944 GC heap after
{Heap after GC invocations=380 (full 3):
 PSYoungGen      total 1536K, used 304K [0x00000000eab00000, 0x00000000ead80000, 0x0000000100000000)
  eden space 1024K, 0% used [0x00000000eab00000,0x00000000eab00000,0x00000000eac00000)
  from space 512K, 59% used [0x00000000eac80000,0x00000000eaccc010,0x00000000ead00000)
  to   space 512K, 0% used [0x00000000ead00000,0x00000000ead00000,0x00000000ead80000)
 ParOldGen       total 357376K, used 357141K [0x00000000c0000000, 0x00000000d5d00000, 0x00000000eab00000)
  object space 357376K, 99% used [0x00000000c0000000,0x00000000d5cc5660,0x00000000d5d00000)
 Metaspace       used 52905K, committed 54208K, reserved 1114112K
  class space    used 5608K, committed 6208K, reserved 1048576K
}
Event: 59.962 GC heap before
{Heap before GC invocations=381 (full 3):
 PSYoungGen      total 1536K, used 1319K [0x00000000eab00000, 0x00000000ead80000, 0x0000000100000000)
  eden space 1024K, 99% used [0x00000000eab00000,0x00000000eabfde40,0x00000000eac00000)
  from space 512K, 59% used [0x00000000eac80000,0x00000000eaccc010,0x00000000ead00000)
  to   space 512K, 0% used [0x00000000ead00000,0x00000000ead00000,0x00000000ead80000)
 ParOldGen       total 357376K, used 357141K [0x00000000c0000000, 0x00000000d5d00000, 0x00000000eab00000)
  object space 357376K, 99% used [0x00000000c0000000,0x00000000d5cc5660,0x00000000d5d00000)
 Metaspace       used 52906K, committed 54208K, reserved 1114112K
  class space    used 5608K, committed 6208K, reserved 1048576K
}
Event: 59.964 GC heap after
{Heap after GC invocations=381 (full 3):
 PSYoungGen      total 1536K, used 192K [0x00000000eab00000, 0x00000000ead80000, 0x0000000100000000)
  eden space 1024K, 0% used [0x00000000eab00000,0x00000000eab00000,0x00000000eac00000)
  from space 512K, 37% used [0x00000000ead00000,0x00000000ead30000,0x00000000ead80000)
  to   space 512K, 0% used [0x00000000eac80000,0x00000000eac80000,0x00000000ead00000)
 ParOldGen       total 357376K, used 357320K [0x00000000c0000000, 0x00000000d5d00000, 0x00000000eab00000)
  object space 357376K, 99% used [0x00000000c0000000,0x00000000d5cf2268,0x00000000d5d00000)
 Metaspace       used 52906K, committed 54208K, reserved 1114112K
  class space    used 5608K, committed 6208K, reserved 1048576K
}
Event: 60.004 GC heap before
{Heap before GC invocations=382 (full 3):
 PSYoungGen      total 1536K, used 1216K [0x00000000eab00000, 0x00000000ead80000, 0x0000000100000000)
  eden space 1024K, 100% used [0x00000000eab00000,0x00000000eac00000,0x00000000eac00000)
  from space 512K, 37% used [0x00000000ead00000,0x00000000ead30000,0x00000000ead80000)
  to   space 512K, 0% used [0x00000000eac80000,0x00000000eac80000,0x00000000ead00000)
 ParOldGen       total 357376K, used 357320K [0x00000000c0000000, 0x00000000d5d00000, 0x00000000eab00000)
  object space 357376K, 99% used [0x00000000c0000000,0x00000000d5cf2268,0x00000000d5d00000)
 Metaspace       used 52906K, committed 54208K, reserved 1114112K
  class space    used 5608K, committed 6208K, reserved 1048576K
}
Event: 60.006 GC heap after
{Heap after GC invocations=382 (full 3):
 PSYoungGen      total 1536K, used 288K [0x00000000eab00000, 0x00000000ead80000, 0x0000000100000000)
  eden space 1024K, 0% used [0x00000000eab00000,0x00000000eab00000,0x00000000eac00000)
  from space 512K, 56% used [0x00000000eac80000,0x00000000eacc8000,0x00000000ead00000)
  to   space 512K, 0% used [0x00000000ead00000,0x00000000ead00000,0x00000000ead80000)
 ParOldGen       total 357888K, used 357456K [0x00000000c0000000, 0x00000000d5d80000, 0x00000000eab00000)
  object space 357888K, 99% used [0x00000000c0000000,0x00000000d5d14268,0x00000000d5d80000)
 Metaspace       used 52906K, committed 54208K, reserved 1114112K
  class space    used 5608K, committed 6208K, reserved 1048576K
}
Event: 60.073 GC heap before
{Heap before GC invocations=383 (full 3):
 PSYoungGen      total 1536K, used 1312K [0x00000000eab00000, 0x00000000ead80000, 0x0000000100000000)
  eden space 1024K, 100% used [0x00000000eab00000,0x00000000eac00000,0x00000000eac00000)
  from space 512K, 56% used [0x00000000eac80000,0x00000000eacc8000,0x00000000ead00000)
  to   space 512K, 0% used [0x00000000ead00000,0x00000000ead00000,0x00000000ead80000)
 ParOldGen       total 357888K, used 357456K [0x00000000c0000000, 0x00000000d5d80000, 0x00000000eab00000)
  object space 357888K, 99% used [0x00000000c0000000,0x00000000d5d14268,0x00000000d5d80000)
 Metaspace       used 52906K, committed 54208K, reserved 1114112K
  class space    used 5608K, committed 6208K, reserved 1048576K
}
Event: 60.075 GC heap after
{Heap after GC invocations=383 (full 3):
 PSYoungGen      total 1536K, used 224K [0x00000000eab00000, 0x00000000ead80000, 0x0000000100000000)
  eden space 1024K, 0% used [0x00000000eab00000,0x00000000eab00000,0x00000000eac00000)
  from space 512K, 43% used [0x00000000ead00000,0x00000000ead38000,0x00000000ead80000)
  to   space 512K, 0% used [0x00000000eac80000,0x00000000eac80000,0x00000000ead00000)
 ParOldGen       total 357888K, used 357584K [0x00000000c0000000, 0x00000000d5d80000, 0x00000000eab00000)
  object space 357888K, 99% used [0x00000000c0000000,0x00000000d5d34268,0x00000000d5d80000)
 Metaspace       used 52906K, committed 54208K, reserved 1114112K
  class space    used 5608K, committed 6208K, reserved 1048576K
}
Event: 60.104 GC heap before
{Heap before GC invocations=384 (full 3):
 PSYoungGen      total 1536K, used 1248K [0x00000000eab00000, 0x00000000ead80000, 0x0000000100000000)
  eden space 1024K, 100% used [0x00000000eab00000,0x00000000eac00000,0x00000000eac00000)
  from space 512K, 43% used [0x00000000ead00000,0x00000000ead38000,0x00000000ead80000)
  to   space 512K, 0% used [0x00000000eac80000,0x00000000eac80000,0x00000000ead00000)
 ParOldGen       total 357888K, used 357584K [0x00000000c0000000, 0x00000000d5d80000, 0x00000000eab00000)
  object space 357888K, 99% used [0x00000000c0000000,0x00000000d5d34268,0x00000000d5d80000)
 Metaspace       used 52906K, committed 54208K, reserved 1114112K
  class space    used 5608K, committed 6208K, reserved 1048576K
}
Event: 60.106 GC heap after
{Heap after GC invocations=384 (full 3):
 PSYoungGen      total 1536K, used 288K [0x00000000eab00000, 0x00000000ead80000, 0x0000000100000000)
  eden space 1024K, 0% used [0x00000000eab00000,0x00000000eab00000,0x00000000eac00000)
  from space 512K, 56% used [0x00000000eac80000,0x00000000eacc8000,0x00000000ead00000)
  to   space 512K, 0% used [0x00000000ead00000,0x00000000ead00000,0x00000000ead80000)
 ParOldGen       total 357888K, used 357744K [0x00000000c0000000, 0x00000000d5d80000, 0x00000000eab00000)
  object space 357888K, 99% used [0x00000000c0000000,0x00000000d5d5c268,0x00000000d5d80000)
 Metaspace       used 52906K, committed 54208K, reserved 1114112K
  class space    used 5608K, committed 6208K, reserved 1048576K
}
Event: 60.268 GC heap before
{Heap before GC invocations=385 (full 3):
 PSYoungGen      total 1536K, used 1312K [0x00000000eab00000, 0x00000000ead80000, 0x0000000100000000)
  eden space 1024K, 100% used [0x00000000eab00000,0x00000000eac00000,0x00000000eac00000)
  from space 512K, 56% used [0x00000000eac80000,0x00000000eacc8000,0x00000000ead00000)
  to   space 512K, 0% used [0x00000000ead00000,0x00000000ead00000,0x00000000ead80000)
 ParOldGen       total 357888K, used 357744K [0x00000000c0000000, 0x00000000d5d80000, 0x00000000eab00000)
  object space 357888K, 99% used [0x00000000c0000000,0x00000000d5d5c268,0x00000000d5d80000)
 Metaspace       used 52907K, committed 54208K, reserved 1114112K
  class space    used 5608K, committed 6208K, reserved 1048576K
}
Event: 60.270 GC heap after
{Heap after GC invocations=385 (full 3):
 PSYoungGen      total 1536K, used 192K [0x00000000eab00000, 0x00000000ead80000, 0x0000000100000000)
  eden space 1024K, 0% used [0x00000000eab00000,0x00000000eab00000,0x00000000eac00000)
  from space 512K, 37% used [0x00000000ead00000,0x00000000ead30000,0x00000000ead80000)
  to   space 512K, 0% used [0x00000000eac80000,0x00000000eac80000,0x00000000ead00000)
 ParOldGen       total 357888K, used 357872K [0x00000000c0000000, 0x00000000d5d80000, 0x00000000eab00000)
  object space 357888K, 99% used [0x00000000c0000000,0x00000000d5d7c268,0x00000000d5d80000)
 Metaspace       used 52907K, committed 54208K, reserved 1114112K
  class space    used 5608K, committed 6208K, reserved 1048576K
}
Event: 60.530 GC heap before
{Heap before GC invocations=386 (full 3):
 PSYoungGen      total 1536K, used 1200K [0x00000000eab00000, 0x00000000ead80000, 0x0000000100000000)
  eden space 1024K, 98% used [0x00000000eab00000,0x00000000eabfc3a8,0x00000000eac00000)
  from space 512K, 37% used [0x00000000ead00000,0x00000000ead30000,0x00000000ead80000)
  to   space 512K, 0% used [0x00000000eac80000,0x00000000eac80000,0x00000000ead00000)
 ParOldGen       total 357888K, used 357872K [0x00000000c0000000, 0x00000000d5d80000, 0x00000000eab00000)
  object space 357888K, 99% used [0x00000000c0000000,0x00000000d5d7c268,0x00000000d5d80000)
 Metaspace       used 52907K, committed 54208K, reserved 1114112K
  class space    used 5608K, committed 6208K, reserved 1048576K
}
Event: 60.533 GC heap after
{Heap after GC invocations=386 (full 3):
 PSYoungGen      total 1536K, used 337K [0x00000000eab00000, 0x00000000ead80000, 0x0000000100000000)
  eden space 1024K, 0% used [0x00000000eab00000,0x00000000eab00000,0x00000000eac00000)
  from space 512K, 66% used [0x00000000eac80000,0x00000000eacd47b8,0x00000000ead00000)
  to   space 512K, 0% used [0x00000000ead00000,0x00000000ead00000,0x00000000ead80000)
 ParOldGen       total 358400K, used 357952K [0x00000000c0000000, 0x00000000d5e00000, 0x00000000eab00000)
  object space 358400K, 99% used [0x00000000c0000000,0x00000000d5d90268,0x00000000d5e00000)
 Metaspace       used 52907K, committed 54208K, reserved 1114112K
  class space    used 5608K, committed 6208K, reserved 1048576K
}
Event: 60.594 GC heap before
{Heap before GC invocations=387 (full 3):
 PSYoungGen      total 1536K, used 1361K [0x00000000eab00000, 0x00000000ead80000, 0x0000000100000000)
  eden space 1024K, 99% used [0x00000000eab00000,0x00000000eabffff0,0x00000000eac00000)
  from space 512K, 66% used [0x00000000eac80000,0x00000000eacd47b8,0x00000000ead00000)
  to   space 512K, 0% used [0x00000000ead00000,0x00000000ead00000,0x00000000ead80000)
 ParOldGen       total 358400K, used 357952K [0x00000000c0000000, 0x00000000d5e00000, 0x00000000eab00000)
  object space 358400K, 99% used [0x00000000c0000000,0x00000000d5d90268,0x00000000d5e00000)
 Metaspace       used 52908K, committed 54208K, reserved 1114112K
  class space    used 5608K, committed 6208K, reserved 1048576K
}
Event: 60.596 GC heap after
{Heap after GC invocations=387 (full 3):
 PSYoungGen      total 1536K, used 288K [0x00000000eab00000, 0x00000000ead80000, 0x0000000100000000)
  eden space 1024K, 0% used [0x00000000eab00000,0x00000000eab00000,0x00000000eac00000)
  from space 512K, 56% used [0x00000000ead00000,0x00000000ead48000,0x00000000ead80000)
  to   space 512K, 0% used [0x00000000eac80000,0x00000000eac80000,0x00000000ead00000)
 ParOldGen       total 358400K, used 358138K [0x00000000c0000000, 0x00000000d5e00000, 0x00000000eab00000)
  object space 358400K, 99% used [0x00000000c0000000,0x00000000d5dbea20,0x00000000d5e00000)
 Metaspace       used 52908K, committed 54208K, reserved 1114112K
  class space    used 5608K, committed 6208K, reserved 1048576K
}
Event: 60.614 GC heap before
{Heap before GC invocations=388 (full 3):
 PSYoungGen      total 1536K, used 1312K [0x00000000eab00000, 0x00000000ead80000, 0x0000000100000000)
  eden space 1024K, 100% used [0x00000000eab00000,0x00000000eac00000,0x00000000eac00000)
  from space 512K, 56% used [0x00000000ead00000,0x00000000ead48000,0x00000000ead80000)
  to   space 512K, 0% used [0x00000000eac80000,0x00000000eac80000,0x00000000ead00000)
 ParOldGen       total 358400K, used 358138K [0x00000000c0000000, 0x00000000d5e00000, 0x00000000eab00000)
  object space 358400K, 99% used [0x00000000c0000000,0x00000000d5dbea20,0x00000000d5e00000)
 Metaspace       used 52910K, committed 54208K, reserved 1114112K
  class space    used 5608K, committed 6208K, reserved 1048576K
}
Event: 60.616 GC heap after
{Heap after GC invocations=388 (full 3):
 PSYoungGen      total 1536K, used 256K [0x00000000eab00000, 0x00000000ead80000, 0x0000000100000000)
  eden space 1024K, 0% used [0x00000000eab00000,0x00000000eab00000,0x00000000eac00000)
  from space 512K, 50% used [0x00000000eac80000,0x00000000eacc0000,0x00000000ead00000)
  to   space 512K, 0% used [0x00000000ead00000,0x00000000ead00000,0x00000000ead80000)
 ParOldGen       total 358400K, used 358288K [0x00000000c0000000, 0x00000000d5e00000, 0x00000000eab00000)
  object space 358400K, 99% used [0x00000000c0000000,0x00000000d5de4028,0x00000000d5e00000)
 Metaspace       used 52910K, committed 54208K, reserved 1114112K
  class space    used 5608K, committed 6208K, reserved 1048576K
}

