# JRE version: OpenJDK Runtime Environment Temurin-21.0.6+7 (21.0.6+7) (build 21.0.6+7-LTS)
# Java VM: OpenJDK 64-Bit Server VM Temurin-21.0.6+7 (21.0.6+7-LTS, mixed mode, sharing, tiered, compressed oops, compressed class ptrs, parallel gc, windows-amd64)
GC Precious Log:
 CardTable entry size: 512
 CPUs: 8 total, 8 available
 Memory: 12084M
 Large Page Support: Disabled
 NUMA Support: Disabled
 Compressed Oops: Enabled (32-bit)
 Alignments: Space 512K, Generation 512K, Heap 2M
 Heap Min Capacity: 100M
 Heap Initial Capacity: 100M
 Heap Max Capacity: 1G
 Pre-touch: Disabled
 Parallel Workers: 8
Heap:
 PSYoungGen      total 4096K, used 2250K [0x00000000eab00000, 0x00000000eb000000, 0x0000000100000000)
  eden space 3072K, 50% used [0x00000000eab00000,0x00000000eac82a18,0x00000000eae00000)
  from space 1024K, 68% used [0x00000000eae00000,0x00000000eaeb0000,0x00000000eaf00000)
  to   space 1024K, 0% used [0x00000000eaf00000,0x00000000eaf00000,0x00000000eb000000)
 ParOldGen       total 443392K, used 443099K [0x00000000c0000000, 0x00000000db100000, 0x00000000eab00000)
  object space 443392K, 99% used [0x00000000c0000000,0x00000000db0b6f50,0x00000000db100000)
 Metaspace       used 78660K, committed 80448K, reserved 1179648K
  class space    used 7991K, committed 8704K, reserved 1048576K
GC Heap History (20 events):
Event: 41318.337 GC heap before
{Heap before GC invocations=1537 (full 4):
 PSYoungGen      total 4096K, used 3456K [0x00000000eab00000, 0x00000000eaf80000, 0x0000000100000000)
  eden space 3072K, 100% used [0x00000000eab00000,0x00000000eae00000,0x00000000eae00000)
  from space 1024K, 37% used [0x00000000eae00000,0x00000000eae60000,0x00000000eaf00000)
  to   space 512K, 0% used [0x00000000eaf00000,0x00000000eaf00000,0x00000000eaf80000)
 ParOldGen       total 439808K, used 439642K [0x00000000c0000000, 0x00000000dad80000, 0x00000000eab00000)
  object space 439808K, 99% used [0x00000000c0000000,0x00000000dad56af0,0x00000000dad80000)
 Metaspace       used 78436K, committed 80192K, reserved 1179648K
  class space    used 7975K, committed 8704K, reserved 1048576K
}
Event: 41318.339 GC heap after
{Heap after GC invocations=1537 (full 4):
 PSYoungGen      total 3584K, used 352K [0x00000000eab00000, 0x00000000eaf80000, 0x0000000100000000)
  eden space 3072K, 0% used [0x00000000eab00000,0x00000000eab00000,0x00000000eae00000)
  from space 512K, 68% used [0x00000000eaf00000,0x00000000eaf58000,0x00000000eaf80000)
  to   space 512K, 0% used [0x00000000eae80000,0x00000000eae80000,0x00000000eaf00000)
 ParOldGen       total 440320K, used 439914K [0x00000000c0000000, 0x00000000dae00000, 0x00000000eab00000)
  object space 440320K, 99% used [0x00000000c0000000,0x00000000dad9aaf0,0x00000000dae00000)
 Metaspace       used 78436K, committed 80192K, reserved 1179648K
  class space    used 7975K, committed 8704K, reserved 1048576K
}
Event: 42219.205 GC heap before
{Heap before GC invocations=1538 (full 4):
 PSYoungGen      total 3584K, used 3424K [0x00000000eab00000, 0x00000000eaf80000, 0x0000000100000000)
  eden space 3072K, 100% used [0x00000000eab00000,0x00000000eae00000,0x00000000eae00000)
  from space 512K, 68% used [0x00000000eaf00000,0x00000000eaf58000,0x00000000eaf80000)
  to   space 512K, 0% used [0x00000000eae80000,0x00000000eae80000,0x00000000eaf00000)
 ParOldGen       total 440320K, used 439914K [0x00000000c0000000, 0x00000000dae00000, 0x00000000eab00000)
  object space 440320K, 99% used [0x00000000c0000000,0x00000000dad9aaf0,0x00000000dae00000)
 Metaspace       used 78473K, committed 80192K, reserved 1179648K
  class space    used 7976K, committed 8704K, reserved 1048576K
}
Event: 42219.211 GC heap after
{Heap after GC invocations=1538 (full 4):
 PSYoungGen      total 3584K, used 512K [0x00000000eab00000, 0x00000000eb000000, 0x0000000100000000)
  eden space 3072K, 0% used [0x00000000eab00000,0x00000000eab00000,0x00000000eae00000)
  from space 512K, 100% used [0x00000000eae80000,0x00000000eaf00000,0x00000000eaf00000)
  to   space 1024K, 0% used [0x00000000eaf00000,0x00000000eaf00000,0x00000000eb000000)
 ParOldGen       total 440320K, used 440206K [0x00000000c0000000, 0x00000000dae00000, 0x00000000eab00000)
  object space 440320K, 99% used [0x00000000c0000000,0x00000000dade3b30,0x00000000dae00000)
 Metaspace       used 78473K, committed 80192K, reserved 1179648K
  class space    used 7976K, committed 8704K, reserved 1048576K
}
Event: 42219.231 GC heap before
{Heap before GC invocations=1539 (full 4):
 PSYoungGen      total 3584K, used 3584K [0x00000000eab00000, 0x00000000eb000000, 0x0000000100000000)
  eden space 3072K, 100% used [0x00000000eab00000,0x00000000eae00000,0x00000000eae00000)
  from space 512K, 100% used [0x00000000eae80000,0x00000000eaf00000,0x00000000eaf00000)
  to   space 1024K, 0% used [0x00000000eaf00000,0x00000000eaf00000,0x00000000eb000000)
 ParOldGen       total 440320K, used 440206K [0x00000000c0000000, 0x00000000dae00000, 0x00000000eab00000)
  object space 440320K, 99% used [0x00000000c0000000,0x00000000dade3b30,0x00000000dae00000)
 Metaspace       used 78474K, committed 80192K, reserved 1179648K
  class space    used 7976K, committed 8704K, reserved 1048576K
}
Event: 42219.234 GC heap after
{Heap after GC invocations=1539 (full 4):
 PSYoungGen      total 4096K, used 634K [0x00000000eab00000, 0x00000000eb000000, 0x0000000100000000)
  eden space 3072K, 0% used [0x00000000eab00000,0x00000000eab00000,0x00000000eae00000)
  from space 1024K, 61% used [0x00000000eaf00000,0x00000000eaf9e920,0x00000000eb000000)
  to   space 1024K, 0% used [0x00000000eae00000,0x00000000eae00000,0x00000000eaf00000)
 ParOldGen       total 440832K, used 440643K [0x00000000c0000000, 0x00000000dae80000, 0x00000000eab00000)
  object space 440832K, 99% used [0x00000000c0000000,0x00000000dae50dc0,0x00000000dae80000)
 Metaspace       used 78474K, committed 80192K, reserved 1179648K
  class space    used 7976K, committed 8704K, reserved 1048576K
}
Event: 42219.247 GC heap before
{Heap before GC invocations=1540 (full 4):
 PSYoungGen      total 4096K, used 3706K [0x00000000eab00000, 0x00000000eb000000, 0x0000000100000000)
  eden space 3072K, 99% used [0x00000000eab00000,0x00000000eadffff8,0x00000000eae00000)
  from space 1024K, 61% used [0x00000000eaf00000,0x00000000eaf9e920,0x00000000eb000000)
  to   space 1024K, 0% used [0x00000000eae00000,0x00000000eae00000,0x00000000eaf00000)
 ParOldGen       total 440832K, used 440643K [0x00000000c0000000, 0x00000000dae80000, 0x00000000eab00000)
  object space 440832K, 99% used [0x00000000c0000000,0x00000000dae50dc0,0x00000000dae80000)
 Metaspace       used 78474K, committed 80192K, reserved 1179648K
  class space    used 7976K, committed 8704K, reserved 1048576K
}
Event: 42219.249 GC heap after
{Heap after GC invocations=1540 (full 4):
 PSYoungGen      total 4096K, used 384K [0x00000000eab00000, 0x00000000eaf80000, 0x0000000100000000)
  eden space 3072K, 0% used [0x00000000eab00000,0x00000000eab00000,0x00000000eae00000)
  from space 1024K, 37% used [0x00000000eae00000,0x00000000eae60000,0x00000000eaf00000)
  to   space 512K, 0% used [0x00000000eaf00000,0x00000000eaf00000,0x00000000eaf80000)
 ParOldGen       total 441344K, used 441141K [0x00000000c0000000, 0x00000000daf00000, 0x00000000eab00000)
  object space 441344K, 99% used [0x00000000c0000000,0x00000000daecd648,0x00000000daf00000)
 Metaspace       used 78474K, committed 80192K, reserved 1179648K
  class space    used 7976K, committed 8704K, reserved 1048576K
}
Event: 42219.268 GC heap before
{Heap before GC invocations=1541 (full 4):
 PSYoungGen      total 4096K, used 3456K [0x00000000eab00000, 0x00000000eaf80000, 0x0000000100000000)
  eden space 3072K, 100% used [0x00000000eab00000,0x00000000eae00000,0x00000000eae00000)
  from space 1024K, 37% used [0x00000000eae00000,0x00000000eae60000,0x00000000eaf00000)
  to   space 512K, 0% used [0x00000000eaf00000,0x00000000eaf00000,0x00000000eaf80000)
 ParOldGen       total 441344K, used 441141K [0x00000000c0000000, 0x00000000daf00000, 0x00000000eab00000)
  object space 441344K, 99% used [0x00000000c0000000,0x00000000daecd648,0x00000000daf00000)
 Metaspace       used 78480K, committed 80192K, reserved 1179648K
  class space    used 7976K, committed 8704K, reserved 1048576K
}
Event: 42219.270 GC heap after
{Heap after GC invocations=1541 (full 4):
 PSYoungGen      total 3584K, used 352K [0x00000000eab00000, 0x00000000eaf80000, 0x0000000100000000)
  eden space 3072K, 0% used [0x00000000eab00000,0x00000000eab00000,0x00000000eae00000)
  from space 512K, 68% used [0x00000000eaf00000,0x00000000eaf58000,0x00000000eaf80000)
  to   space 512K, 0% used [0x00000000eae80000,0x00000000eae80000,0x00000000eaf00000)
 ParOldGen       total 441856K, used 441429K [0x00000000c0000000, 0x00000000daf80000, 0x00000000eab00000)
  object space 441856K, 99% used [0x00000000c0000000,0x00000000daf15648,0x00000000daf80000)
 Metaspace       used 78480K, committed 80192K, reserved 1179648K
  class space    used 7976K, committed 8704K, reserved 1048576K
}
Event: 128153.033 GC heap before
{Heap before GC invocations=1542 (full 4):
 PSYoungGen      total 3584K, used 3424K [0x00000000eab00000, 0x00000000eaf80000, 0x0000000100000000)
  eden space 3072K, 100% used [0x00000000eab00000,0x00000000eae00000,0x00000000eae00000)
  from space 512K, 68% used [0x00000000eaf00000,0x00000000eaf58000,0x00000000eaf80000)
  to   space 512K, 0% used [0x00000000eae80000,0x00000000eae80000,0x00000000eaf00000)
 ParOldGen       total 441856K, used 441429K [0x00000000c0000000, 0x00000000daf80000, 0x00000000eab00000)
  object space 441856K, 99% used [0x00000000c0000000,0x00000000daf15648,0x00000000daf80000)
 Metaspace       used 78535K, committed 80320K, reserved 1179648K
  class space    used 7976K, committed 8704K, reserved 1048576K
}
Event: 128153.158 GC heap after
{Heap after GC invocations=1542 (full 4):
 PSYoungGen      total 3584K, used 512K [0x00000000eab00000, 0x00000000eb000000, 0x0000000100000000)
  eden space 3072K, 0% used [0x00000000eab00000,0x00000000eab00000,0x00000000eae00000)
  from space 512K, 100% used [0x00000000eae80000,0x00000000eaf00000,0x00000000eaf00000)
  to   space 1024K, 0% used [0x00000000eaf00000,0x00000000eaf00000,0x00000000eb000000)
 ParOldGen       total 441856K, used 441709K [0x00000000c0000000, 0x00000000daf80000, 0x00000000eab00000)
  object space 441856K, 99% used [0x00000000c0000000,0x00000000daf5b698,0x00000000daf80000)
 Metaspace       used 78535K, committed 80320K, reserved 1179648K
  class space    used 7976K, committed 8704K, reserved 1048576K
}
Event: 128153.484 GC heap before
{Heap before GC invocations=1543 (full 4):
 PSYoungGen      total 3584K, used 3584K [0x00000000eab00000, 0x00000000eb000000, 0x0000000100000000)
  eden space 3072K, 100% used [0x00000000eab00000,0x00000000eae00000,0x00000000eae00000)
  from space 512K, 100% used [0x00000000eae80000,0x00000000eaf00000,0x00000000eaf00000)
  to   space 1024K, 0% used [0x00000000eaf00000,0x00000000eaf00000,0x00000000eb000000)
 ParOldGen       total 441856K, used 441709K [0x00000000c0000000, 0x00000000daf80000, 0x00000000eab00000)
  object space 441856K, 99% used [0x00000000c0000000,0x00000000daf5b698,0x00000000daf80000)
 Metaspace       used 78586K, committed 80384K, reserved 1179648K
  class space    used 7985K, committed 8704K, reserved 1048576K
}
Event: 128153.489 GC heap after
{Heap after GC invocations=1543 (full 4):
 PSYoungGen      total 4096K, used 586K [0x00000000eab00000, 0x00000000eb000000, 0x0000000100000000)
  eden space 3072K, 0% used [0x00000000eab00000,0x00000000eab00000,0x00000000eae00000)
  from space 1024K, 57% used [0x00000000eaf00000,0x00000000eaf92930,0x00000000eb000000)
  to   space 1024K, 0% used [0x00000000eae00000,0x00000000eae00000,0x00000000eaf00000)
 ParOldGen       total 442368K, used 442129K [0x00000000c0000000, 0x00000000db000000, 0x00000000eab00000)
  object space 442368K, 99% used [0x00000000c0000000,0x00000000dafc46a8,0x00000000db000000)
 Metaspace       used 78586K, committed 80384K, reserved 1179648K
  class space    used 7985K, committed 8704K, reserved 1048576K
}
Event: 128153.531 GC heap before
{Heap before GC invocations=1544 (full 4):
 PSYoungGen      total 4096K, used 3658K [0x00000000eab00000, 0x00000000eb000000, 0x0000000100000000)
  eden space 3072K, 100% used [0x00000000eab00000,0x00000000eae00000,0x00000000eae00000)
  from space 1024K, 57% used [0x00000000eaf00000,0x00000000eaf92930,0x00000000eb000000)
  to   space 1024K, 0% used [0x00000000eae00000,0x00000000eae00000,0x00000000eaf00000)
 ParOldGen       total 442368K, used 442129K [0x00000000c0000000, 0x00000000db000000, 0x00000000eab00000)
  object space 442368K, 99% used [0x00000000c0000000,0x00000000dafc46a8,0x00000000db000000)
 Metaspace       used 78595K, committed 80384K, reserved 1179648K
  class space    used 7988K, committed 8704K, reserved 1048576K
}
Event: 128153.539 GC heap after
{Heap after GC invocations=1544 (full 4):
 PSYoungGen      total 4096K, used 288K [0x00000000eab00000, 0x00000000eaf80000, 0x0000000100000000)
  eden space 3072K, 0% used [0x00000000eab00000,0x00000000eab00000,0x00000000eae00000)
  from space 1024K, 28% used [0x00000000eae00000,0x00000000eae48000,0x00000000eaf00000)
  to   space 512K, 0% used [0x00000000eaf00000,0x00000000eaf00000,0x00000000eaf80000)
 ParOldGen       total 442880K, used 442587K [0x00000000c0000000, 0x00000000db080000, 0x00000000eab00000)
  object space 442880K, 99% used [0x00000000c0000000,0x00000000db036f30,0x00000000db080000)
 Metaspace       used 78595K, committed 80384K, reserved 1179648K
  class space    used 7988K, committed 8704K, reserved 1048576K
}
Event: 128153.589 GC heap before
{Heap before GC invocations=1545 (full 4):
 PSYoungGen      total 4096K, used 3360K [0x00000000eab00000, 0x00000000eaf80000, 0x0000000100000000)
  eden space 3072K, 100% used [0x00000000eab00000,0x00000000eae00000,0x00000000eae00000)
  from space 1024K, 28% used [0x00000000eae00000,0x00000000eae48000,0x00000000eaf00000)
  to   space 512K, 0% used [0x00000000eaf00000,0x00000000eaf00000,0x00000000eaf80000)
 ParOldGen       total 442880K, used 442587K [0x00000000c0000000, 0x00000000db080000, 0x00000000eab00000)
  object space 442880K, 99% used [0x00000000c0000000,0x00000000db036f30,0x00000000db080000)
 Metaspace       used 78595K, committed 80384K, reserved 1179648K
  class space    used 7988K, committed 8704K, reserved 1048576K
}
Event: 128153.591 GC heap after
{Heap after GC invocations=1545 (full 4):
 PSYoungGen      total 3584K, used 480K [0x00000000eab00000, 0x00000000eb000000, 0x0000000100000000)
  eden space 3072K, 0% used [0x00000000eab00000,0x00000000eab00000,0x00000000eae00000)
  from space 512K, 93% used [0x00000000eaf00000,0x00000000eaf78000,0x00000000eaf80000)
  to   space 1024K, 0% used [0x00000000eae00000,0x00000000eae00000,0x00000000eaf00000)
 ParOldGen       total 442880K, used 442795K [0x00000000c0000000, 0x00000000db080000, 0x00000000eab00000)
  object space 442880K, 99% used [0x00000000c0000000,0x00000000db06af30,0x00000000db080000)
 Metaspace       used 78595K, committed 80384K, reserved 1179648K
  class space    used 7988K, committed 8704K, reserved 1048576K
}
Event: 128153.728 GC heap before
{Heap before GC invocations=1546 (full 4):
 PSYoungGen      total 3584K, used 3552K [0x00000000eab00000, 0x00000000eb000000, 0x0000000100000000)
  eden space 3072K, 100% used [0x00000000eab00000,0x00000000eae00000,0x00000000eae00000)
  from space 512K, 93% used [0x00000000eaf00000,0x00000000eaf78000,0x00000000eaf80000)
  to   space 1024K, 0% used [0x00000000eae00000,0x00000000eae00000,0x00000000eaf00000)
 ParOldGen       total 442880K, used 442795K [0x00000000c0000000, 0x00000000db080000, 0x00000000eab00000)
  object space 442880K, 99% used [0x00000000c0000000,0x00000000db06af30,0x00000000db080000)
 Metaspace       used 78651K, committed 80448K, reserved 1179648K
  class space    used 7991K, committed 8704K, reserved 1048576K
}
Event: 128153.732 GC heap after
{Heap after GC invocations=1546 (full 4):
 PSYoungGen      total 4096K, used 704K [0x00000000eab00000, 0x00000000eb000000, 0x0000000100000000)
  eden space 3072K, 0% used [0x00000000eab00000,0x00000000eab00000,0x00000000eae00000)
  from space 1024K, 68% used [0x00000000eae00000,0x00000000eaeb0000,0x00000000eaf00000)
  to   space 1024K, 0% used [0x00000000eaf00000,0x00000000eaf00000,0x00000000eb000000)
 ParOldGen       total 443392K, used 443099K [0x00000000c0000000, 0x00000000db100000, 0x00000000eab00000)
  object space 443392K, 99% used [0x00000000c0000000,0x00000000db0b6f50,0x00000000db100000)
 Metaspace       used 78651K, committed 80448K, reserved 1179648K
  class space    used 7991K, committed 8704K, reserved 1048576K
}

